<?xml version="1.0" encoding="UTF-8"?>
<!-- Generated by org.testng.reporters.JUnitXMLReporter -->
<testsuite ignored="0" hostname="LTIN523251" failures="0" tests="1" name="Test" time="0.16" errors="0" timestamp="2026-05-13T14:44:06 IST">
  <testcase classname="tests.GoogleTestAutomation" name="@BeforeMethod setup" time="0.032">
    <failure type="java.lang.NullPointerException" message="Cannot invoke &amp;quot;org.openqa.selenium.WebDriver.get(String)&amp;quot; because &amp;quot;this.driver&amp;quot; is null">
      <![CDATA[java.lang.NullPointerException: Cannot invoke "org.openqa.selenium.WebDriver.get(String)" because "this.driver" is null
at tests.GoogleTestAutomation.setup(GoogleTestAutomation.java:26)
at java.base/java.util.ArrayList.forEach(ArrayList.java:1511)
... Removed 31 stack frames]]>
    </failure>
  </testcase> <!-- @BeforeMethod setup -->
  <testcase classname="tests.GoogleTestAutomation" name="@AfterMethod tearDown" time="0.0">
    <skipped/>
  </testcase> <!-- @AfterMethod tearDown -->
  <testcase classname="tests.GoogleTestAutomation" name="testCase1" time="0.0">
    <skipped/>
  </testcase> <!-- testCase1 -->
</testsuite> <!-- Test -->
