<?xml version="1.0" encoding="UTF-8"?>
<testng-results ignored="0" total="1" passed="1" failed="0" skipped="0">
  <reporter-output>
  </reporter-output>
  <suite started-at="2026-05-12T12:31:17 IST" name="Default suite" finished-at="2026-05-12T12:31:27 IST" duration-ms="10032">
    <groups>
    </groups>
    <test started-at="2026-05-12T12:31:17 IST" name="Default test" finished-at="2026-05-12T12:31:27 IST" duration-ms="10032">
      <class name="tests.GoogleTestAutomation">
        <test-method is-config="true" signature="setup()[pri:0, instance:tests.GoogleTestAutomation@313ac989]" started-at="2026-05-12T12:31:17 IST" name="setup" finished-at="2026-05-12T12:31:26 IST" duration-ms="8741" status="PASS">
          <reporter-output>
          </reporter-output>
        </test-method> <!-- setup -->
        <test-method signature="testCase1()[pri:0, instance:tests.GoogleTestAutomation@313ac989]" started-at="2026-05-12T12:31:26 IST" name="testCase1" finished-at="2026-05-12T12:31:27 IST" duration-ms="1167" status="PASS">
          <reporter-output>
          </reporter-output>
        </test-method> <!-- testCase1 -->
        <test-method is-config="true" signature="tearDown()[pri:0, instance:tests.GoogleTestAutomation@313ac989]" started-at="2026-05-12T12:31:27 IST" name="tearDown" finished-at="2026-05-12T12:31:27 IST" duration-ms="3" status="PASS">
          <reporter-output>
          </reporter-output>
        </test-method> <!-- tearDown -->
      </class> <!-- tests.GoogleTestAutomation -->
    </test> <!-- Default test -->
  </suite> <!-- Default suite -->
</testng-results>
