<?xml version="1.0" encoding="UTF-8"?>
<testng-results ignored="0" total="2" passed="2" failed="0" skipped="0">
  <reporter-output>
  </reporter-output>
  <suite started-at="2026-05-13T17:03:12 IST" name="Default suite" finished-at="2026-05-13T17:03:23 IST" duration-ms="11698">
    <groups>
    </groups>
    <test started-at="2026-05-13T17:03:12 IST" name="Default test" finished-at="2026-05-13T17:03:23 IST" duration-ms="11698">
      <class name="tests.GoogleTestAutomation">
        <test-method is-config="true" signature="setup(java.lang.String)[pri:0, instance:tests.GoogleTestAutomation@5fe94a96]" started-at="2026-05-13T17:03:12 IST" name="setup" finished-at="2026-05-13T17:03:18 IST" duration-ms="5126" status="PASS">
          <params>
            <param index="0">
              <value>
                <![CDATA[chrome]]>
              </value>
            </param>
          </params>
          <reporter-output>
          </reporter-output>
        </test-method> <!-- setup -->
        <test-method signature="testCase1(java.lang.String)[pri:0, instance:tests.GoogleTestAutomation@5fe94a96]" started-at="2026-05-13T17:03:18 IST" name="testCase1" data-provider="test1" finished-at="2026-05-13T17:03:18 IST" duration-ms="381" status="PASS">
          <params>
            <param index="0">
              <value>
                <![CDATA[Selenium]]>
              </value>
            </param>
          </params>
          <reporter-output>
          </reporter-output>
        </test-method> <!-- testCase1 -->
        <test-method is-config="true" signature="tearDown()[pri:0, instance:tests.GoogleTestAutomation@5fe94a96]" started-at="2026-05-13T17:03:18 IST" name="tearDown" finished-at="2026-05-13T17:03:18 IST" duration-ms="0" status="PASS">
          <reporter-output>
          </reporter-output>
        </test-method> <!-- tearDown -->
        <test-method is-config="true" signature="setup(java.lang.String)[pri:0, instance:tests.GoogleTestAutomation@5fe94a96]" started-at="2026-05-13T17:03:18 IST" name="setup" finished-at="2026-05-13T17:03:23 IST" duration-ms="5000" status="PASS">
          <params>
            <param index="0">
              <value>
                <![CDATA[chrome]]>
              </value>
            </param>
          </params>
          <reporter-output>
          </reporter-output>
        </test-method> <!-- setup -->
        <test-method signature="testCase1(java.lang.String)[pri:0, instance:tests.GoogleTestAutomation@5fe94a96]" started-at="2026-05-13T17:03:23 IST" name="testCase1" data-provider="test1" finished-at="2026-05-13T17:03:23 IST" duration-ms="461" status="PASS">
          <params>
            <param index="0">
              <value>
                <![CDATA[testing]]>
              </value>
            </param>
          </params>
          <reporter-output>
          </reporter-output>
        </test-method> <!-- testCase1 -->
        <test-method is-config="true" signature="tearDown()[pri:0, instance:tests.GoogleTestAutomation@5fe94a96]" started-at="2026-05-13T17:03:23 IST" name="tearDown" finished-at="2026-05-13T17:03:23 IST" duration-ms="0" status="PASS">
          <reporter-output>
          </reporter-output>
        </test-method> <!-- tearDown -->
      </class> <!-- tests.GoogleTestAutomation -->
    </test> <!-- Default test -->
  </suite> <!-- Default suite -->
</testng-results>
