<?xml version="1.0" encoding="UTF-8"?>
<!-- Generated by org.testng.reporters.JUnitReportReporter -->
<testsuite hostname="LTIN523251" failures="0" tests="3" name="runners.TestRunner" time="34.524" errors="0" timestamp="2026-05-15T15:12:52 IST" skipped="0">
  <testcase classname="runners.TestRunner" name="runScenario" time="9.208"/>
  <testcase classname="runners.TestRunner" name="runScenario" time="9.841"/>
  <testcase classname="runners.TestRunner" name="runScenario" time="15.475"/>
</testsuite> <!-- runners.TestRunner -->
